2021-05-24T12:12:11.260541+02:00 supervisor.erl:1433 info: Supervisor: {local,logger_sup}. Started: id=error_logger,pid=<0.111.0>.
2021-05-24T12:12:11.270247+02:00 supervisor.erl:1433 info: Supervisor: {local,sasl_safe_sup}. Started: id=alarm_handler,pid=<0.114.0>.
2021-05-24T12:12:11.270418+02:00 supervisor.erl:1433 info: Supervisor: {local,sasl_sup}. Started: id=sasl_safe_sup,pid=<0.113.0>.
2021-05-24T12:12:11.316417+02:00 supervisor.erl:1433 info: Supervisor: {local,sasl_sup}. Started: id=release_handler,pid=<0.115.0>.
2021-05-24T12:12:11.316614+02:00 application_controller.erl:1931 info: Application: sasl. Started at: refactorerl@localhost.
2021-05-24T12:12:11.346615+02:00 supervisor.erl:1433 info: Supervisor: {local,kernel_safe_sup}. Started: id=disk_log_sup,pid=<0.124.0>.
2021-05-24T12:12:11.346786+02:00 supervisor.erl:1433 info: Supervisor: {local,kernel_safe_sup}. Started: id=disk_log_server,pid=<0.125.0>.
2021-05-24T12:12:11.392757+02:00 supervisor.erl:1433 info: Supervisor: {local,kernel_safe_sup}. Started: id=dets_sup,pid=<0.128.0>.
2021-05-24T12:12:11.392947+02:00 supervisor.erl:1433 info: Supervisor: {local,kernel_safe_sup}. Started: id=dets,pid=<0.129.0>.
2021-05-24T12:12:11.552733+02:00 supervisor.erl:1433 info: Supervisor: {<0.121.0>,refanal_sup}. Started: id=refdb,pid=<0.122.0>.
2021-05-24T12:12:12.661379+02:00 supervisor.erl:1433 info: Supervisor: {<0.121.0>,refanal_sup}. Started: id=esg,pid=<0.157.0>.
2021-05-24T12:12:12.661530+02:00 supervisor.erl:1433 info: Supervisor: {<0.121.0>,refanal_sup}. Started: id=anal,pid=<0.440.0>.
2021-05-24T12:12:12.664188+02:00 supervisor.erl:1433 info: Supervisor: {<0.121.0>,refanal_sup}. Started: id=funprop,pid=<0.441.0>.
2021-05-24T12:12:12.664328+02:00 supervisor.erl:1433 info: Supervisor: {<0.120.0>,refanal_sup}. Started: id=graphsup,pid=<0.121.0>.
2021-05-24T12:12:12.678740+02:00 : notice: The tool will be started with the default positioning mode (abs).
2021-05-24T12:12:12.687062+02:00 supervisor.erl:1433 info: Supervisor: {<0.120.0>,refanal_sup}. Started: id=fileman,pid=<0.453.0>.
2021-05-24T12:12:12.692043+02:00 supervisor.erl:1433 info: Supervisor: {<0.120.0>,refanal_sup}. Started: id=semnode,pid=<0.454.0>.
2021-05-24T12:12:12.693727+02:00 supervisor.erl:1433 info: Supervisor: {<0.120.0>,refanal_sup}. Started: id=htmlman,pid=<0.455.0>.
2021-05-24T12:12:12.693819+02:00 application_controller.erl:1931 info: Application: referl_core. Started at: refactorerl@localhost.
2021-05-24T12:12:12.697759+02:00 supervisor.erl:1433 info: Supervisor: {<0.459.0>,reflib_sup}. Started: id=transform,pid=<0.460.0>.
2021-05-24T12:12:12.701251+02:00 supervisor.erl:1433 info: Supervisor: {<0.459.0>,reflib_sup}. Started: id=ui,pid=<0.461.0>.
2021-05-24T12:12:12.701338+02:00 application_controller.erl:1931 info: Application: referl_lib. Started at: refactorerl@localhost.
2021-05-24T12:12:12.701417+02:00 application_controller.erl:1931 info: Application: referl_cluster. Started at: refactorerl@localhost.
2021-05-24T12:12:12.701513+02:00 application_controller.erl:1931 info: Application: referl_gen. Started at: refactorerl@localhost.
2021-05-24T12:12:12.701615+02:00 application_controller.erl:1931 info: Application: referl_slicer. Started at: refactorerl@localhost.
2021-05-24T12:12:12.701703+02:00 application_controller.erl:1931 info: Application: referl_test. Started at: refactorerl@localhost.
2021-05-24T12:12:12.701790+02:00 application_controller.erl:1931 info: Application: referl_ui. Started at: refactorerl@localhost.
2021-05-24T12:12:12.701859+02:00 application_controller.erl:1931 info: Application: referl_user. Started at: refactorerl@localhost.
2021-05-24T12:21:33.033556+02:00 supervisor.erl:1433 info: Supervisor: {local,logger_sup}. Started: id=error_logger,pid=<0.137.0>.
2021-05-24T12:21:33.043267+02:00 supervisor.erl:1433 info: Supervisor: {local,sasl_safe_sup}. Started: id=alarm_handler,pid=<0.155.0>.
2021-05-24T12:21:33.043435+02:00 supervisor.erl:1433 info: Supervisor: {local,sasl_sup}. Started: id=sasl_safe_sup,pid=<0.152.0>.
2021-05-24T12:21:33.092457+02:00 supervisor.erl:1433 info: Supervisor: {local,sasl_sup}. Started: id=release_handler,pid=<0.167.0>.
2021-05-24T12:21:33.092578+02:00 application_controller.erl:1931 info: Application: sasl. Started at: refactorerl@localhost.
2021-05-24T12:21:33.130499+02:00 supervisor.erl:1433 info: Supervisor: {<0.264.0>,refanal_sup}. Started: id=refdb,pid=<0.270.0>.
2021-05-24T12:21:33.188249+02:00 supervisor.erl:1433 info: Supervisor: {<0.264.0>,refanal_sup}. Started: id=esg,pid=<0.306.0>.
2021-05-24T12:21:33.188353+02:00 supervisor.erl:1433 info: Supervisor: {<0.264.0>,refanal_sup}. Started: id=anal,pid=<0.354.0>.
2021-05-24T12:21:33.190382+02:00 supervisor.erl:1433 info: Supervisor: {<0.264.0>,refanal_sup}. Started: id=funprop,pid=<0.355.0>.
2021-05-24T12:21:33.190449+02:00 supervisor.erl:1433 info: Supervisor: {<0.263.0>,refanal_sup}. Started: id=graphsup,pid=<0.264.0>.
2021-05-24T12:21:33.202281+02:00 : notice: The tool will be started with the default positioning mode (abs).
2021-05-24T12:21:33.209635+02:00 supervisor.erl:1433 info: Supervisor: {<0.263.0>,refanal_sup}. Started: id=fileman,pid=<0.366.0>.
2021-05-24T12:21:33.214644+02:00 supervisor.erl:1433 info: Supervisor: {<0.263.0>,refanal_sup}. Started: id=semnode,pid=<0.367.0>.
2021-05-24T12:21:33.216596+02:00 supervisor.erl:1433 info: Supervisor: {<0.263.0>,refanal_sup}. Started: id=htmlman,pid=<0.368.0>.
2021-05-24T12:21:33.216687+02:00 application_controller.erl:1931 info: Application: referl_core. Started at: refactorerl@localhost.
2021-05-24T12:21:33.220736+02:00 supervisor.erl:1433 info: Supervisor: {<0.372.0>,reflib_sup}. Started: id=transform,pid=<0.373.0>.
2021-05-24T12:21:33.224345+02:00 supervisor.erl:1433 info: Supervisor: {<0.372.0>,reflib_sup}. Started: id=ui,pid=<0.374.0>.
2021-05-24T12:21:33.224406+02:00 application_controller.erl:1931 info: Application: referl_lib. Started at: refactorerl@localhost.
2021-05-24T12:21:33.224507+02:00 application_controller.erl:1931 info: Application: referl_cluster. Started at: refactorerl@localhost.
2021-05-24T12:21:33.224605+02:00 application_controller.erl:1931 info: Application: referl_gen. Started at: refactorerl@localhost.
2021-05-24T12:21:33.224669+02:00 application_controller.erl:1931 info: Application: referl_slicer. Started at: refactorerl@localhost.
2021-05-24T12:21:33.224744+02:00 application_controller.erl:1931 info: Application: referl_test. Started at: refactorerl@localhost.
2021-05-24T12:21:33.224807+02:00 application_controller.erl:1931 info: Application: referl_ui. Started at: refactorerl@localhost.
2021-05-24T12:21:33.224863+02:00 application_controller.erl:1931 info: Application: referl_user. Started at: refactorerl@localhost.
2021-05-24T12:43:07.343991+02:00 supervisor.erl:1433 info: Supervisor: {local,logger_sup}. Started: id=error_logger,pid=<0.137.0>.
2021-05-24T12:43:07.351362+02:00 supervisor.erl:1433 info: Supervisor: {local,sasl_safe_sup}. Started: id=alarm_handler,pid=<0.156.0>.
2021-05-24T12:43:07.351478+02:00 supervisor.erl:1433 info: Supervisor: {local,sasl_sup}. Started: id=sasl_safe_sup,pid=<0.150.0>.
2021-05-24T12:43:07.382612+02:00 supervisor.erl:1433 info: Supervisor: {local,sasl_sup}. Started: id=release_handler,pid=<0.232.0>.
2021-05-24T12:43:07.382725+02:00 application_controller.erl:1931 info: Application: sasl. Started at: refactorerl@localhost.
2021-05-24T12:43:07.397343+02:00 supervisor.erl:1433 info: Supervisor: {<0.289.0>,refanal_sup}. Started: id=refdb,pid=<0.290.0>.
2021-05-24T12:43:07.443260+02:00 supervisor.erl:1433 info: Supervisor: {<0.289.0>,refanal_sup}. Started: id=esg,pid=<0.294.0>.
2021-05-24T12:43:07.443374+02:00 supervisor.erl:1433 info: Supervisor: {<0.289.0>,refanal_sup}. Started: id=anal,pid=<0.342.0>.
2021-05-24T12:43:07.445026+02:00 supervisor.erl:1433 info: Supervisor: {<0.289.0>,refanal_sup}. Started: id=funprop,pid=<0.343.0>.
2021-05-24T12:43:07.445082+02:00 supervisor.erl:1433 info: Supervisor: {<0.288.0>,refanal_sup}. Started: id=graphsup,pid=<0.289.0>.
2021-05-24T12:43:07.455057+02:00 : notice: The tool will be started with the default positioning mode (abs).
2021-05-24T12:43:07.461485+02:00 supervisor.erl:1433 info: Supervisor: {<0.288.0>,refanal_sup}. Started: id=fileman,pid=<0.354.0>.
2021-05-24T12:43:07.465800+02:00 supervisor.erl:1433 info: Supervisor: {<0.288.0>,refanal_sup}. Started: id=semnode,pid=<0.355.0>.
2021-05-24T12:43:07.467039+02:00 supervisor.erl:1433 info: Supervisor: {<0.288.0>,refanal_sup}. Started: id=htmlman,pid=<0.356.0>.
2021-05-24T12:43:07.467114+02:00 application_controller.erl:1931 info: Application: referl_core. Started at: refactorerl@localhost.
2021-05-24T12:43:07.470083+02:00 supervisor.erl:1433 info: Supervisor: {<0.360.0>,reflib_sup}. Started: id=transform,pid=<0.361.0>.
2021-05-24T12:43:07.472674+02:00 supervisor.erl:1433 info: Supervisor: {<0.360.0>,reflib_sup}. Started: id=ui,pid=<0.362.0>.
2021-05-24T12:43:07.472773+02:00 application_controller.erl:1931 info: Application: referl_lib. Started at: refactorerl@localhost.
2021-05-24T12:43:07.472845+02:00 application_controller.erl:1931 info: Application: referl_cluster. Started at: refactorerl@localhost.
2021-05-24T12:43:07.472926+02:00 application_controller.erl:1931 info: Application: referl_gen. Started at: refactorerl@localhost.
2021-05-24T12:43:07.472988+02:00 application_controller.erl:1931 info: Application: referl_slicer. Started at: refactorerl@localhost.
2021-05-24T12:43:07.473064+02:00 application_controller.erl:1931 info: Application: referl_test. Started at: refactorerl@localhost.
2021-05-24T12:43:07.473135+02:00 application_controller.erl:1931 info: Application: referl_ui. Started at: refactorerl@localhost.
2021-05-24T12:43:07.473189+02:00 application_controller.erl:1931 info: Application: referl_user. Started at: refactorerl@localhost.
2021-05-24T13:30:05.817470+02:00 supervisor.erl:1433 info: Supervisor: {local,logger_sup}. Started: id=error_logger,pid=<0.137.0>.
2021-05-24T13:30:05.826734+02:00 supervisor.erl:1433 info: Supervisor: {local,sasl_safe_sup}. Started: id=alarm_handler,pid=<0.161.0>.
2021-05-24T13:30:05.826865+02:00 supervisor.erl:1433 info: Supervisor: {local,sasl_sup}. Started: id=sasl_safe_sup,pid=<0.152.0>.
2021-05-24T13:30:05.862784+02:00 supervisor.erl:1433 info: Supervisor: {local,sasl_sup}. Started: id=release_handler,pid=<0.208.0>.
2021-05-24T13:30:05.862919+02:00 application_controller.erl:1931 info: Application: sasl. Started at: refactorerl@localhost.
2021-05-24T13:30:05.881867+02:00 supervisor.erl:1433 info: Supervisor: {<0.289.0>,refanal_sup}. Started: id=refdb,pid=<0.290.0>.
2021-05-24T13:30:05.935734+02:00 supervisor.erl:1433 info: Supervisor: {<0.289.0>,refanal_sup}. Started: id=esg,pid=<0.294.0>.
2021-05-24T13:30:05.935849+02:00 supervisor.erl:1433 info: Supervisor: {<0.289.0>,refanal_sup}. Started: id=anal,pid=<0.342.0>.
2021-05-24T13:30:05.937818+02:00 supervisor.erl:1433 info: Supervisor: {<0.289.0>,refanal_sup}. Started: id=funprop,pid=<0.343.0>.
2021-05-24T13:30:05.937903+02:00 supervisor.erl:1433 info: Supervisor: {<0.288.0>,refanal_sup}. Started: id=graphsup,pid=<0.289.0>.
2021-05-24T13:30:05.949568+02:00 : notice: The tool will be started with the default positioning mode (abs).
2021-05-24T13:30:05.956914+02:00 supervisor.erl:1433 info: Supervisor: {<0.288.0>,refanal_sup}. Started: id=fileman,pid=<0.354.0>.
2021-05-24T13:30:05.961889+02:00 supervisor.erl:1433 info: Supervisor: {<0.288.0>,refanal_sup}. Started: id=semnode,pid=<0.355.0>.
2021-05-24T13:30:05.963998+02:00 supervisor.erl:1433 info: Supervisor: {<0.288.0>,refanal_sup}. Started: id=htmlman,pid=<0.356.0>.
2021-05-24T13:30:05.964085+02:00 application_controller.erl:1931 info: Application: referl_core. Started at: refactorerl@localhost.
2021-05-24T13:30:05.968175+02:00 supervisor.erl:1433 info: Supervisor: {<0.360.0>,reflib_sup}. Started: id=transform,pid=<0.361.0>.
2021-05-24T13:30:05.971817+02:00 supervisor.erl:1433 info: Supervisor: {<0.360.0>,reflib_sup}. Started: id=ui,pid=<0.362.0>.
2021-05-24T13:30:05.971903+02:00 application_controller.erl:1931 info: Application: referl_lib. Started at: refactorerl@localhost.
2021-05-24T13:30:05.972001+02:00 application_controller.erl:1931 info: Application: referl_cluster. Started at: refactorerl@localhost.
2021-05-24T13:30:05.972096+02:00 application_controller.erl:1931 info: Application: referl_gen. Started at: refactorerl@localhost.
2021-05-24T13:30:05.972172+02:00 application_controller.erl:1931 info: Application: referl_slicer. Started at: refactorerl@localhost.
2021-05-24T13:30:05.972240+02:00 application_controller.erl:1931 info: Application: referl_test. Started at: refactorerl@localhost.
2021-05-24T13:30:05.972321+02:00 application_controller.erl:1931 info: Application: referl_ui. Started at: refactorerl@localhost.
2021-05-24T13:30:05.972387+02:00 application_controller.erl:1931 info: Application: referl_user. Started at: refactorerl@localhost.
2021-05-24T13:30:39.258354+02:00 supervisor.erl:1433 info: Supervisor: {local,logger_sup}. Started: id=error_logger,pid=<0.140.0>.
2021-05-24T13:30:39.269609+02:00 supervisor.erl:1433 info: Supervisor: {local,sasl_safe_sup}. Started: id=alarm_handler,pid=<0.158.0>.
2021-05-24T13:30:39.269749+02:00 supervisor.erl:1433 info: Supervisor: {local,sasl_sup}. Started: id=sasl_safe_sup,pid=<0.153.0>.
2021-05-24T13:30:39.308110+02:00 supervisor.erl:1433 info: Supervisor: {local,sasl_sup}. Started: id=release_handler,pid=<0.203.0>.
2021-05-24T13:30:39.308229+02:00 application_controller.erl:1931 info: Application: sasl. Started at: refactorerl@localhost.
2021-05-24T13:30:39.354010+02:00 supervisor.erl:1433 info: Supervisor: {<0.264.0>,refanal_sup}. Started: id=refdb,pid=<0.265.0>.
2021-05-24T13:30:39.405329+02:00 supervisor.erl:1433 info: Supervisor: {<0.264.0>,refanal_sup}. Started: id=esg,pid=<0.309.0>.
2021-05-24T13:30:39.405415+02:00 supervisor.erl:1433 info: Supervisor: {<0.264.0>,refanal_sup}. Started: id=anal,pid=<0.357.0>.
2021-05-24T13:30:39.407117+02:00 supervisor.erl:1433 info: Supervisor: {<0.264.0>,refanal_sup}. Started: id=funprop,pid=<0.358.0>.
2021-05-24T13:30:39.407166+02:00 supervisor.erl:1433 info: Supervisor: {<0.263.0>,refanal_sup}. Started: id=graphsup,pid=<0.264.0>.
2021-05-24T13:30:39.417567+02:00 : notice: The tool will be started with the default positioning mode (abs).
2021-05-24T13:30:39.423972+02:00 supervisor.erl:1433 info: Supervisor: {<0.263.0>,refanal_sup}. Started: id=fileman,pid=<0.369.0>.
2021-05-24T13:30:39.428509+02:00 supervisor.erl:1433 info: Supervisor: {<0.263.0>,refanal_sup}. Started: id=semnode,pid=<0.370.0>.
2021-05-24T13:30:39.429740+02:00 supervisor.erl:1433 info: Supervisor: {<0.263.0>,refanal_sup}. Started: id=htmlman,pid=<0.371.0>.
2021-05-24T13:30:39.429812+02:00 application_controller.erl:1931 info: Application: referl_core. Started at: refactorerl@localhost.
2021-05-24T13:30:39.432921+02:00 supervisor.erl:1433 info: Supervisor: {<0.375.0>,reflib_sup}. Started: id=transform,pid=<0.376.0>.
2021-05-24T13:30:39.435633+02:00 supervisor.erl:1433 info: Supervisor: {<0.375.0>,reflib_sup}. Started: id=ui,pid=<0.377.0>.
2021-05-24T13:30:39.435700+02:00 application_controller.erl:1931 info: Application: referl_lib. Started at: refactorerl@localhost.
2021-05-24T13:30:39.435812+02:00 application_controller.erl:1931 info: Application: referl_cluster. Started at: refactorerl@localhost.
2021-05-24T13:30:39.435906+02:00 application_controller.erl:1931 info: Application: referl_gen. Started at: refactorerl@localhost.
2021-05-24T13:30:39.435998+02:00 application_controller.erl:1931 info: Application: referl_slicer. Started at: refactorerl@localhost.
2021-05-24T13:30:39.436077+02:00 application_controller.erl:1931 info: Application: referl_test. Started at: refactorerl@localhost.
2021-05-24T13:30:39.436150+02:00 application_controller.erl:1931 info: Application: referl_ui. Started at: refactorerl@localhost.
2021-05-24T13:30:39.436229+02:00 application_controller.erl:1931 info: Application: referl_user. Started at: refactorerl@localhost.
2021-05-24T13:30:39.667535+02:00 supervisor.erl:1433 info: Supervisor: {local,referl_ui_web2_sup}. Started: id=cache_server,pid=<0.390.0>.
2021-05-24T13:30:39.671812+02:00 supervisor.erl:1433 info: Supervisor: {local,referl_ui_web2_sup}. Started: id=session_server,pid=<0.391.0>.
2021-05-24T13:30:39.681794+02:00 supervisor.erl:1433 info: Supervisor: {local,referl_ui_web2_sup}. Started: id=yaws_log,pid=<0.392.0>.
2021-05-24T13:30:39.684543+02:00 supervisor.erl:1433 info: Supervisor: {local,referl_ui_web2_sup}. Started: id=yaws_trace,pid=<0.393.0>.
2021-05-24T13:30:39.695286+02:00 supervisor.erl:1433 info: Supervisor: {local,referl_ui_web2_sup}. Started: id=yaws_server,pid=<0.394.0>.
2021-05-24T13:30:39.699037+02:00 supervisor.erl:1433 info: Supervisor: {local,yaws_sup_restarts}. Started: id=yaws_session_server,pid=<0.396.0>.
2021-05-24T13:30:39.701362+02:00 supervisor.erl:1433 info: Supervisor: {local,yaws_sup_restarts}. Started: id=yaws_rss,pid=<0.397.0>.
2021-05-24T13:30:39.701440+02:00 supervisor.erl:1433 info: Supervisor: {local,yaws_sup_restarts}. Started: id=yaws_event_manager,pid=<0.398.0>.
2021-05-24T13:30:39.701536+02:00 supervisor.erl:1433 info: Supervisor: {local,referl_ui_web2_sup}. Started: id=yaws_sup_restarts,pid=<0.395.0>.
2021-05-24T13:30:39.702990+02:00 supervisor.erl:1433 info: Supervisor: {local,referl_ui_web2_sup}. Started: id=yaws_ws_sup,pid=<0.399.0>.
2021-05-24T13:31:15.866881+02:00 supervisor.erl:1433 info: Supervisor: {local,logger_sup}. Started: id=error_logger,pid=<0.134.0>.
2021-05-24T13:31:15.877753+02:00 supervisor.erl:1433 info: Supervisor: {local,sasl_safe_sup}. Started: id=alarm_handler,pid=<0.151.0>.
2021-05-24T13:31:15.877893+02:00 supervisor.erl:1433 info: Supervisor: {local,sasl_sup}. Started: id=sasl_safe_sup,pid=<0.147.0>.
2021-05-24T13:31:15.913051+02:00 supervisor.erl:1433 info: Supervisor: {local,sasl_sup}. Started: id=release_handler,pid=<0.155.0>.
2021-05-24T13:31:15.913196+02:00 application_controller.erl:1931 info: Application: sasl. Started at: refactorerl@localhost.
2021-05-24T13:31:15.928510+02:00 supervisor.erl:1433 info: Supervisor: {<0.286.0>,refanal_sup}. Started: id=refdb,pid=<0.287.0>.
2021-05-24T13:31:15.975055+02:00 supervisor.erl:1433 info: Supervisor: {<0.286.0>,refanal_sup}. Started: id=esg,pid=<0.291.0>.
2021-05-24T13:31:15.975184+02:00 supervisor.erl:1433 info: Supervisor: {<0.286.0>,refanal_sup}. Started: id=anal,pid=<0.339.0>.
2021-05-24T13:31:15.977086+02:00 supervisor.erl:1433 info: Supervisor: {<0.286.0>,refanal_sup}. Started: id=funprop,pid=<0.340.0>.
2021-05-24T13:31:15.977159+02:00 supervisor.erl:1433 info: Supervisor: {<0.285.0>,refanal_sup}. Started: id=graphsup,pid=<0.286.0>.
2021-05-24T13:31:15.987389+02:00 : notice: The tool will be started with the default positioning mode (abs).
2021-05-24T13:31:15.993995+02:00 supervisor.erl:1433 info: Supervisor: {<0.285.0>,refanal_sup}. Started: id=fileman,pid=<0.351.0>.
2021-05-24T13:31:15.998401+02:00 supervisor.erl:1433 info: Supervisor: {<0.285.0>,refanal_sup}. Started: id=semnode,pid=<0.352.0>.
2021-05-24T13:31:15.999655+02:00 supervisor.erl:1433 info: Supervisor: {<0.285.0>,refanal_sup}. Started: id=htmlman,pid=<0.353.0>.
2021-05-24T13:31:15.999738+02:00 application_controller.erl:1931 info: Application: referl_core. Started at: refactorerl@localhost.
2021-05-24T13:31:16.003080+02:00 supervisor.erl:1433 info: Supervisor: {<0.357.0>,reflib_sup}. Started: id=transform,pid=<0.358.0>.
2021-05-24T13:31:16.005755+02:00 supervisor.erl:1433 info: Supervisor: {<0.357.0>,reflib_sup}. Started: id=ui,pid=<0.359.0>.
2021-05-24T13:31:16.005851+02:00 application_controller.erl:1931 info: Application: referl_lib. Started at: refactorerl@localhost.
2021-05-24T13:31:16.005946+02:00 application_controller.erl:1931 info: Application: referl_cluster. Started at: refactorerl@localhost.
2021-05-24T13:31:16.006021+02:00 application_controller.erl:1931 info: Application: referl_gen. Started at: refactorerl@localhost.
2021-05-24T13:31:16.006098+02:00 application_controller.erl:1931 info: Application: referl_slicer. Started at: refactorerl@localhost.
2021-05-24T13:31:16.006167+02:00 application_controller.erl:1931 info: Application: referl_test. Started at: refactorerl@localhost.
2021-05-24T13:31:16.006234+02:00 application_controller.erl:1931 info: Application: referl_ui. Started at: refactorerl@localhost.
2021-05-24T13:31:16.006307+02:00 application_controller.erl:1931 info: Application: referl_user. Started at: refactorerl@localhost.
2021-05-24T13:31:16.211792+02:00 supervisor.erl:1433 info: Supervisor: {local,referl_ui_web2_sup}. Started: id=cache_server,pid=<0.372.0>.
2021-05-24T13:31:16.214557+02:00 supervisor.erl:1433 info: Supervisor: {local,referl_ui_web2_sup}. Started: id=session_server,pid=<0.373.0>.
2021-05-24T13:31:16.218163+02:00 supervisor.erl:1433 info: Supervisor: {local,referl_ui_web2_sup}. Started: id=yaws_log,pid=<0.374.0>.
2021-05-24T13:31:16.220384+02:00 supervisor.erl:1433 info: Supervisor: {local,referl_ui_web2_sup}. Started: id=yaws_trace,pid=<0.375.0>.
2021-05-24T13:31:16.230221+02:00 supervisor.erl:1433 info: Supervisor: {local,referl_ui_web2_sup}. Started: id=yaws_server,pid=<0.376.0>.
2021-05-24T13:31:16.233061+02:00 supervisor.erl:1433 info: Supervisor: {local,yaws_sup_restarts}. Started: id=yaws_session_server,pid=<0.378.0>.
2021-05-24T13:31:16.234997+02:00 supervisor.erl:1433 info: Supervisor: {local,yaws_sup_restarts}. Started: id=yaws_rss,pid=<0.379.0>.
2021-05-24T13:31:16.235078+02:00 supervisor.erl:1433 info: Supervisor: {local,yaws_sup_restarts}. Started: id=yaws_event_manager,pid=<0.380.0>.
2021-05-24T13:31:16.235172+02:00 supervisor.erl:1433 info: Supervisor: {local,referl_ui_web2_sup}. Started: id=yaws_sup_restarts,pid=<0.377.0>.
2021-05-24T13:31:16.236125+02:00 supervisor.erl:1433 info: Supervisor: {local,referl_ui_web2_sup}. Started: id=yaws_ws_sup,pid=<0.381.0>.
2021-05-24T23:02:27.275889+02:00 supervisor.erl:1433 info: Supervisor: {local,logger_sup}. Started: id=error_logger,pid=<0.144.0>.
2021-05-24T23:02:27.286098+02:00 supervisor.erl:1433 info: Supervisor: {local,sasl_safe_sup}. Started: id=alarm_handler,pid=<0.178.0>.
2021-05-24T23:02:27.286281+02:00 supervisor.erl:1433 info: Supervisor: {local,sasl_sup}. Started: id=sasl_safe_sup,pid=<0.172.0>.
2021-05-24T23:02:27.323415+02:00 supervisor.erl:1433 info: Supervisor: {local,sasl_sup}. Started: id=release_handler,pid=<0.268.0>.
2021-05-24T23:02:27.323610+02:00 application_controller.erl:1931 info: Application: sasl. Started at: refactorerl@localhost.
2021-05-24T23:02:27.343516+02:00 supervisor.erl:1433 info: Supervisor: {<0.289.0>,refanal_sup}. Started: id=refdb,pid=<0.290.0>.
2021-05-24T23:02:27.403626+02:00 supervisor.erl:1433 info: Supervisor: {<0.289.0>,refanal_sup}. Started: id=esg,pid=<0.294.0>.
2021-05-24T23:02:27.403919+02:00 supervisor.erl:1433 info: Supervisor: {<0.289.0>,refanal_sup}. Started: id=anal,pid=<0.342.0>.
2021-05-24T23:02:27.406153+02:00 supervisor.erl:1433 info: Supervisor: {<0.289.0>,refanal_sup}. Started: id=funprop,pid=<0.343.0>.
2021-05-24T23:02:27.406223+02:00 supervisor.erl:1433 info: Supervisor: {<0.288.0>,refanal_sup}. Started: id=graphsup,pid=<0.289.0>.
2021-05-24T23:02:27.418805+02:00 : notice: The tool will be started with the default positioning mode (abs).
2021-05-24T23:02:27.426438+02:00 supervisor.erl:1433 info: Supervisor: {<0.288.0>,refanal_sup}. Started: id=fileman,pid=<0.354.0>.
2021-05-24T23:02:27.431802+02:00 supervisor.erl:1433 info: Supervisor: {<0.288.0>,refanal_sup}. Started: id=semnode,pid=<0.355.0>.
2021-05-24T23:02:27.433867+02:00 supervisor.erl:1433 info: Supervisor: {<0.288.0>,refanal_sup}. Started: id=htmlman,pid=<0.356.0>.
2021-05-24T23:02:27.433955+02:00 application_controller.erl:1931 info: Application: referl_core. Started at: refactorerl@localhost.
2021-05-24T23:02:27.438217+02:00 supervisor.erl:1433 info: Supervisor: {<0.360.0>,reflib_sup}. Started: id=transform,pid=<0.361.0>.
2021-05-24T23:02:27.442079+02:00 supervisor.erl:1433 info: Supervisor: {<0.360.0>,reflib_sup}. Started: id=ui,pid=<0.362.0>.
2021-05-24T23:02:27.442225+02:00 application_controller.erl:1931 info: Application: referl_lib. Started at: refactorerl@localhost.
2021-05-24T23:02:27.442364+02:00 application_controller.erl:1931 info: Application: referl_cluster. Started at: refactorerl@localhost.
2021-05-24T23:02:27.442464+02:00 application_controller.erl:1931 info: Application: referl_gen. Started at: refactorerl@localhost.
2021-05-24T23:02:27.442603+02:00 application_controller.erl:1931 info: Application: referl_slicer. Started at: refactorerl@localhost.
2021-05-24T23:02:27.442683+02:00 application_controller.erl:1931 info: Application: referl_test. Started at: refactorerl@localhost.
2021-05-24T23:02:27.442753+02:00 application_controller.erl:1931 info: Application: referl_ui. Started at: refactorerl@localhost.
2021-05-24T23:02:27.442831+02:00 application_controller.erl:1931 info: Application: referl_user. Started at: refactorerl@localhost.
2021-05-26T20:54:11.919064+02:00 supervisor.erl:1433 info: Supervisor: {local,logger_sup}. Started: id=error_logger,pid=<0.143.0>.
2021-05-26T20:54:11.928320+02:00 supervisor.erl:1433 info: Supervisor: {local,sasl_safe_sup}. Started: id=alarm_handler,pid=<0.161.0>.
2021-05-26T20:54:11.928513+02:00 supervisor.erl:1433 info: Supervisor: {local,sasl_sup}. Started: id=sasl_safe_sup,pid=<0.158.0>.
2021-05-26T20:54:11.967397+02:00 supervisor.erl:1433 info: Supervisor: {local,sasl_sup}. Started: id=release_handler,pid=<0.165.0>.
2021-05-26T20:54:11.967526+02:00 application_controller.erl:1931 info: Application: sasl. Started at: refactorerl@localhost.
2021-05-26T20:54:12.020247+02:00 supervisor.erl:1433 info: Supervisor: {<0.240.0>,refanal_sup}. Started: id=refdb,pid=<0.254.0>.
2021-05-26T20:54:12.092634+02:00 supervisor.erl:1433 info: Supervisor: {<0.240.0>,refanal_sup}. Started: id=esg,pid=<0.312.0>.
2021-05-26T20:54:12.092780+02:00 supervisor.erl:1433 info: Supervisor: {<0.240.0>,refanal_sup}. Started: id=anal,pid=<0.360.0>.
2021-05-26T20:54:12.095585+02:00 supervisor.erl:1433 info: Supervisor: {<0.240.0>,refanal_sup}. Started: id=funprop,pid=<0.361.0>.
2021-05-26T20:54:12.095692+02:00 supervisor.erl:1433 info: Supervisor: {<0.239.0>,refanal_sup}. Started: id=graphsup,pid=<0.240.0>.
2021-05-26T20:54:12.109682+02:00 : notice: The tool will be started with the default positioning mode (abs).
2021-05-26T20:54:12.117468+02:00 supervisor.erl:1433 info: Supervisor: {<0.239.0>,refanal_sup}. Started: id=fileman,pid=<0.372.0>.
2021-05-26T20:54:12.122328+02:00 supervisor.erl:1433 info: Supervisor: {<0.239.0>,refanal_sup}. Started: id=semnode,pid=<0.373.0>.
2021-05-26T20:54:12.124685+02:00 supervisor.erl:1433 info: Supervisor: {<0.239.0>,refanal_sup}. Started: id=htmlman,pid=<0.374.0>.
2021-05-26T20:54:12.124770+02:00 application_controller.erl:1931 info: Application: referl_core. Started at: refactorerl@localhost.
2021-05-26T20:54:12.129709+02:00 supervisor.erl:1433 info: Supervisor: {<0.378.0>,reflib_sup}. Started: id=transform,pid=<0.379.0>.
2021-05-26T20:54:12.133775+02:00 supervisor.erl:1433 info: Supervisor: {<0.378.0>,reflib_sup}. Started: id=ui,pid=<0.380.0>.
2021-05-26T20:54:12.133901+02:00 application_controller.erl:1931 info: Application: referl_lib. Started at: refactorerl@localhost.
2021-05-26T20:54:12.134048+02:00 application_controller.erl:1931 info: Application: referl_cluster. Started at: refactorerl@localhost.
2021-05-26T20:54:12.134129+02:00 application_controller.erl:1931 info: Application: referl_gen. Started at: refactorerl@localhost.
2021-05-26T20:54:12.134196+02:00 application_controller.erl:1931 info: Application: referl_slicer. Started at: refactorerl@localhost.
2021-05-26T20:54:12.134277+02:00 application_controller.erl:1931 info: Application: referl_test. Started at: refactorerl@localhost.
2021-05-26T20:54:12.134354+02:00 application_controller.erl:1931 info: Application: referl_ui. Started at: refactorerl@localhost.
2021-05-26T20:54:12.134406+02:00 application_controller.erl:1931 info: Application: referl_user. Started at: refactorerl@localhost.
2021-05-26T20:54:17.505002+02:00 supervisor.erl:1433 info: Supervisor: {local,logger_sup}. Started: id=error_logger,pid=<0.137.0>.
2021-05-26T20:54:17.514051+02:00 supervisor.erl:1433 info: Supervisor: {local,sasl_safe_sup}. Started: id=alarm_handler,pid=<0.165.0>.
2021-05-26T20:54:17.514163+02:00 supervisor.erl:1433 info: Supervisor: {local,sasl_sup}. Started: id=sasl_safe_sup,pid=<0.156.0>.
2021-05-26T20:54:17.552327+02:00 supervisor.erl:1433 info: Supervisor: {local,sasl_sup}. Started: id=release_handler,pid=<0.245.0>.
2021-05-26T20:54:17.552526+02:00 application_controller.erl:1931 info: Application: sasl. Started at: refactorerl@localhost.
2021-05-26T20:54:17.568346+02:00 supervisor.erl:1433 info: Supervisor: {<0.289.0>,refanal_sup}. Started: id=refdb,pid=<0.290.0>.
2021-05-26T20:54:17.617265+02:00 supervisor.erl:1433 info: Supervisor: {<0.289.0>,refanal_sup}. Started: id=esg,pid=<0.294.0>.
2021-05-26T20:54:17.617393+02:00 supervisor.erl:1433 info: Supervisor: {<0.289.0>,refanal_sup}. Started: id=anal,pid=<0.342.0>.
2021-05-26T20:54:17.619106+02:00 supervisor.erl:1433 info: Supervisor: {<0.289.0>,refanal_sup}. Started: id=funprop,pid=<0.343.0>.
2021-05-26T20:54:17.619231+02:00 supervisor.erl:1433 info: Supervisor: {<0.288.0>,refanal_sup}. Started: id=graphsup,pid=<0.289.0>.
2021-05-26T20:54:17.630044+02:00 : notice: The tool will be started with the default positioning mode (abs).
2021-05-26T20:54:17.636841+02:00 supervisor.erl:1433 info: Supervisor: {<0.288.0>,refanal_sup}. Started: id=fileman,pid=<0.354.0>.
2021-05-26T20:54:17.641507+02:00 supervisor.erl:1433 info: Supervisor: {<0.288.0>,refanal_sup}. Started: id=semnode,pid=<0.355.0>.
2021-05-26T20:54:17.642746+02:00 supervisor.erl:1433 info: Supervisor: {<0.288.0>,refanal_sup}. Started: id=htmlman,pid=<0.356.0>.
2021-05-26T20:54:17.642832+02:00 application_controller.erl:1931 info: Application: referl_core. Started at: refactorerl@localhost.
2021-05-26T20:54:17.645988+02:00 supervisor.erl:1433 info: Supervisor: {<0.360.0>,reflib_sup}. Started: id=transform,pid=<0.361.0>.
2021-05-26T20:54:17.649171+02:00 supervisor.erl:1433 info: Supervisor: {<0.360.0>,reflib_sup}. Started: id=ui,pid=<0.362.0>.
2021-05-26T20:54:17.649256+02:00 application_controller.erl:1931 info: Application: referl_lib. Started at: refactorerl@localhost.
2021-05-26T20:54:17.649370+02:00 application_controller.erl:1931 info: Application: referl_cluster. Started at: refactorerl@localhost.
2021-05-26T20:54:17.649454+02:00 application_controller.erl:1931 info: Application: referl_gen. Started at: refactorerl@localhost.
2021-05-26T20:54:17.649536+02:00 application_controller.erl:1931 info: Application: referl_slicer. Started at: refactorerl@localhost.
2021-05-26T20:54:17.649610+02:00 application_controller.erl:1931 info: Application: referl_test. Started at: refactorerl@localhost.
2021-05-26T20:54:17.649697+02:00 application_controller.erl:1931 info: Application: referl_ui. Started at: refactorerl@localhost.
2021-05-26T20:54:17.649770+02:00 application_controller.erl:1931 info: Application: referl_user. Started at: refactorerl@localhost.
2021-05-26T20:54:28.684630+02:00 supervisor.erl:1433 info: Supervisor: {local,logger_sup}. Started: id=error_logger,pid=<0.145.0>.
2021-05-26T20:54:28.692619+02:00 supervisor.erl:1433 info: Supervisor: {local,sasl_safe_sup}. Started: id=alarm_handler,pid=<0.235.0>.
2021-05-26T20:54:28.692734+02:00 supervisor.erl:1433 info: Supervisor: {local,sasl_sup}. Started: id=sasl_safe_sup,pid=<0.230.0>.
2021-05-26T20:54:28.729486+02:00 supervisor.erl:1433 info: Supervisor: {local,sasl_sup}. Started: id=release_handler,pid=<0.283.0>.
2021-05-26T20:54:28.729670+02:00 application_controller.erl:1931 info: Application: sasl. Started at: refactorerl@localhost.
2021-05-26T20:54:28.745438+02:00 supervisor.erl:1433 info: Supervisor: {<0.289.0>,refanal_sup}. Started: id=refdb,pid=<0.290.0>.
2021-05-26T20:54:28.793804+02:00 supervisor.erl:1433 info: Supervisor: {<0.289.0>,refanal_sup}. Started: id=esg,pid=<0.294.0>.
2021-05-26T20:54:28.793961+02:00 supervisor.erl:1433 info: Supervisor: {<0.289.0>,refanal_sup}. Started: id=anal,pid=<0.342.0>.
2021-05-26T20:54:28.795751+02:00 supervisor.erl:1433 info: Supervisor: {<0.289.0>,refanal_sup}. Started: id=funprop,pid=<0.343.0>.
2021-05-26T20:54:28.795816+02:00 supervisor.erl:1433 info: Supervisor: {<0.288.0>,refanal_sup}. Started: id=graphsup,pid=<0.289.0>.
2021-05-26T20:54:28.806883+02:00 : notice: The tool will be started with the default positioning mode (abs).
2021-05-26T20:54:28.813931+02:00 supervisor.erl:1433 info: Supervisor: {<0.288.0>,refanal_sup}. Started: id=fileman,pid=<0.354.0>.
2021-05-26T20:54:28.818383+02:00 supervisor.erl:1433 info: Supervisor: {<0.288.0>,refanal_sup}. Started: id=semnode,pid=<0.355.0>.
2021-05-26T20:54:28.819984+02:00 supervisor.erl:1433 info: Supervisor: {<0.288.0>,refanal_sup}. Started: id=htmlman,pid=<0.356.0>.
2021-05-26T20:54:28.820083+02:00 application_controller.erl:1931 info: Application: referl_core. Started at: refactorerl@localhost.
2021-05-26T20:54:28.823390+02:00 supervisor.erl:1433 info: Supervisor: {<0.360.0>,reflib_sup}. Started: id=transform,pid=<0.361.0>.
2021-05-26T20:54:28.826031+02:00 supervisor.erl:1433 info: Supervisor: {<0.360.0>,reflib_sup}. Started: id=ui,pid=<0.362.0>.
2021-05-26T20:54:28.826120+02:00 application_controller.erl:1931 info: Application: referl_lib. Started at: refactorerl@localhost.
2021-05-26T20:54:28.826297+02:00 application_controller.erl:1931 info: Application: referl_cluster. Started at: refactorerl@localhost.
2021-05-26T20:54:28.826408+02:00 application_controller.erl:1931 info: Application: referl_gen. Started at: refactorerl@localhost.
2021-05-26T20:54:28.826484+02:00 application_controller.erl:1931 info: Application: referl_slicer. Started at: refactorerl@localhost.
2021-05-26T20:54:28.826550+02:00 application_controller.erl:1931 info: Application: referl_test. Started at: refactorerl@localhost.
2021-05-26T20:54:28.826614+02:00 application_controller.erl:1931 info: Application: referl_ui. Started at: refactorerl@localhost.
2021-05-26T20:54:28.826686+02:00 application_controller.erl:1931 info: Application: referl_user. Started at: refactorerl@localhost.
